Handling lib "ota-http-server"...
Handling lib "rpc-ws"...
Handling lib "zz_boards"...
Handling lib "pwm"...
Handling lib "adc"...
Handling lib "rpc-service-fs"...
Handling lib "rpc-service-config"...
Handling lib "http-server"...
Handling lib "rpc-uart"...
Handling lib "ca-bundle"...
Handling lib "mqtt"...
Handling lib "rpc-service-ota"...
Handling lib "core"...
Handling lib "rpc-service-gpio"...
Handling lib "dht"...
Handling lib "sntp"...
pwm: Checking out 2.15.0...
mqtt: Checking out 2.15.0...
ca-bundle: Checking out 2.15.0...
rpc-service-fs: Checking out 2.15.0...
zz_boards: Checking out 2.15.0...
http-server: Checking out 2.15.0...
rpc-uart: Checking out 2.15.0...
ota-http-server: Checking out 2.15.0...
rpc-ws: Checking out 2.15.0...
rpc-service-ota: Checking out 2.15.0...
rpc-service-config: Checking out 2.15.0...
sntp: Checking out 2.15.0...
adc: Checking out 2.15.0...
core: Checking out 2.15.0...
dht: Checking out 2.15.0...
rpc-service-gpio: Checking out 2.15.0...
http-server: Done, hash c13d9801ef3914f7954cc2e3424a78b89cea7f25
rpc-ws: Done, hash e8e507f4a91eb96a0c664fa33319b2e4f0ed89b2
rpc-service-ota: Done, hash 59faf121cbae8fb260557af7064c4a0216cbd0d0
rpc-service-config: Done, hash b30e187977d8dafcb4297cff60e036855a7ff531
pwm: Done, hash 5818662baa7e8bc8e965420f0c1a78203dba0a76
ota-http-server: Done, hash 6a4130f33dcde4940c079aef9c734d869df62f3b
http-server: Hash unchanged at c13d9801ef3914f7954cc2e3424a78b89cea7f25 (dir "/data/fwbuild-volumes/2.15.0/apps/IncubadoraDeSemillas/esp8266/build_contexts/build_ctx_113648616/deps/http-server")
http-server: Prepared local dir: "/data/fwbuild-volumes/2.15.0/apps/IncubadoraDeSemillas/esp8266/build_contexts/build_ctx_113648616/deps/http-server"
rpc-ws: Hash unchanged at e8e507f4a91eb96a0c664fa33319b2e4f0ed89b2 (dir "/data/fwbuild-volumes/2.15.0/apps/IncubadoraDeSemillas/esp8266/build_contexts/build_ctx_113648616/deps/rpc-ws")
rpc-ws: Prepared local dir: "/data/fwbuild-volumes/2.15.0/apps/IncubadoraDeSemillas/esp8266/build_contexts/build_ctx_113648616/deps/rpc-ws"
ota-http-server: Hash unchanged at 6a4130f33dcde4940c079aef9c734d869df62f3b (dir "/data/fwbuild-volumes/2.15.0/apps/IncubadoraDeSemillas/esp8266/build_contexts/build_ctx_113648616/deps/ota-http-server")
ota-http-server: Prepared local dir: "/data/fwbuild-volumes/2.15.0/apps/IncubadoraDeSemillas/esp8266/build_contexts/build_ctx_113648616/deps/ota-http-server"
rpc-service-config: Hash unchanged at b30e187977d8dafcb4297cff60e036855a7ff531 (dir "/data/fwbuild-volumes/2.15.0/apps/IncubadoraDeSemillas/esp8266/build_contexts/build_ctx_113648616/deps/rpc-service-config")
rpc-service-config: Prepared local dir: "/data/fwbuild-volumes/2.15.0/apps/IncubadoraDeSemillas/esp8266/build_contexts/build_ctx_113648616/deps/rpc-service-config"
pwm: Hash unchanged at 5818662baa7e8bc8e965420f0c1a78203dba0a76 (dir "/data/fwbuild-volumes/2.15.0/apps/IncubadoraDeSemillas/esp8266/build_contexts/build_ctx_113648616/deps/pwm")
pwm: Prepared local dir: "/data/fwbuild-volumes/2.15.0/apps/IncubadoraDeSemillas/esp8266/build_contexts/build_ctx_113648616/deps/pwm"
rpc-service-ota: Hash unchanged at 59faf121cbae8fb260557af7064c4a0216cbd0d0 (dir "/data/fwbuild-volumes/2.15.0/apps/IncubadoraDeSemillas/esp8266/build_contexts/build_ctx_113648616/deps/rpc-service-ota")
rpc-service-ota: Prepared local dir: "/data/fwbuild-volumes/2.15.0/apps/IncubadoraDeSemillas/esp8266/build_contexts/build_ctx_113648616/deps/rpc-service-ota"
adc: Done, hash 66859b0ba3aa7c8184abb2b96433128e06b864bd
rpc-service-gpio: Done, hash 97711ba3c3f994f68ad5990e1f3a662877c957b7
dht: Done, hash 3392941cb081cc7051287303b64c837dabe52e21
core: Done, hash 90f56f1e361c7d25ef8c2e3b9a83ef0369760f2e
ca-bundle: Done, hash 82e0f7f0ea4b584f092146c18c6e28c015238243
mqtt: Done, hash e28a8700aaf50587e93612661010478a7d7ef920
sntp: Done, hash 42591292134b829afbceeecd1d52cd510dd922c2
zz_boards: Done, hash 897a76f9b7306751dea4596f38df4486548ae2da
rpc-uart: Done, hash 4c68e5d7b3eecb19ccc6128f111a118384ed20b4
rpc-service-fs: Done, hash 5f252c2fa5ba989c09f734a4c407bcfef3699e38
adc: Hash unchanged at 66859b0ba3aa7c8184abb2b96433128e06b864bd (dir "/data/fwbuild-volumes/2.15.0/apps/IncubadoraDeSemillas/esp8266/build_contexts/build_ctx_113648616/deps/adc")
adc: Prepared local dir: "/data/fwbuild-volumes/2.15.0/apps/IncubadoraDeSemillas/esp8266/build_contexts/build_ctx_113648616/deps/adc"
rpc-service-fs: Hash unchanged at 5f252c2fa5ba989c09f734a4c407bcfef3699e38 (dir "/data/fwbuild-volumes/2.15.0/apps/IncubadoraDeSemillas/esp8266/build_contexts/build_ctx_113648616/deps/rpc-service-fs")
rpc-service-fs: Prepared local dir: "/data/fwbuild-volumes/2.15.0/apps/IncubadoraDeSemillas/esp8266/build_contexts/build_ctx_113648616/deps/rpc-service-fs"
ca-bundle: Hash unchanged at 82e0f7f0ea4b584f092146c18c6e28c015238243 (dir "/data/fwbuild-volumes/2.15.0/apps/IncubadoraDeSemillas/esp8266/build_contexts/build_ctx_113648616/deps/ca-bundle")
ca-bundle: Prepared local dir: "/data/fwbuild-volumes/2.15.0/apps/IncubadoraDeSemillas/esp8266/build_contexts/build_ctx_113648616/deps/ca-bundle"
rpc-service-gpio: Hash unchanged at 97711ba3c3f994f68ad5990e1f3a662877c957b7 (dir "/data/fwbuild-volumes/2.15.0/apps/IncubadoraDeSemillas/esp8266/build_contexts/build_ctx_113648616/deps/rpc-service-gpio")
dht: Hash unchanged at 3392941cb081cc7051287303b64c837dabe52e21 (dir "/data/fwbuild-volumes/2.15.0/apps/IncubadoraDeSemillas/esp8266/build_contexts/build_ctx_113648616/deps/dht")
mqtt: Hash unchanged at e28a8700aaf50587e93612661010478a7d7ef920 (dir "/data/fwbuild-volumes/2.15.0/apps/IncubadoraDeSemillas/esp8266/build_contexts/build_ctx_113648616/deps/mqtt")
mqtt: Prepared local dir: "/data/fwbuild-volumes/2.15.0/apps/IncubadoraDeSemillas/esp8266/build_contexts/build_ctx_113648616/deps/mqtt"
sntp: Hash unchanged at 42591292134b829afbceeecd1d52cd510dd922c2 (dir "/data/fwbuild-volumes/2.15.0/apps/IncubadoraDeSemillas/esp8266/build_contexts/build_ctx_113648616/deps/sntp")
sntp: Prepared local dir: "/data/fwbuild-volumes/2.15.0/apps/IncubadoraDeSemillas/esp8266/build_contexts/build_ctx_113648616/deps/sntp"
core: Hash unchanged at 90f56f1e361c7d25ef8c2e3b9a83ef0369760f2e (dir "/data/fwbuild-volumes/2.15.0/apps/IncubadoraDeSemillas/esp8266/build_contexts/build_ctx_113648616/deps/core")
rpc-service-gpio: Prepared local dir: "/data/fwbuild-volumes/2.15.0/apps/IncubadoraDeSemillas/esp8266/build_contexts/build_ctx_113648616/deps/rpc-service-gpio"
dht: Prepared local dir: "/data/fwbuild-volumes/2.15.0/apps/IncubadoraDeSemillas/esp8266/build_contexts/build_ctx_113648616/deps/dht"
rpc-uart: Hash unchanged at 4c68e5d7b3eecb19ccc6128f111a118384ed20b4 (dir "/data/fwbuild-volumes/2.15.0/apps/IncubadoraDeSemillas/esp8266/build_contexts/build_ctx_113648616/deps/rpc-uart")
rpc-uart: Prepared local dir: "/data/fwbuild-volumes/2.15.0/apps/IncubadoraDeSemillas/esp8266/build_contexts/build_ctx_113648616/deps/rpc-uart"
core: Prepared local dir: "/data/fwbuild-volumes/2.15.0/apps/IncubadoraDeSemillas/esp8266/build_contexts/build_ctx_113648616/deps/core"
zz_boards: Hash unchanged at 897a76f9b7306751dea4596f38df4486548ae2da (dir "/data/fwbuild-volumes/2.15.0/apps/IncubadoraDeSemillas/esp8266/build_contexts/build_ctx_113648616/deps/boards")
zz_boards: Prepared local dir: "/data/fwbuild-volumes/2.15.0/apps/IncubadoraDeSemillas/esp8266/build_contexts/build_ctx_113648616/deps/boards"
Handling lib "rpc-common"...
rpc-common: Checking out 2.15.0...
rpc-common: Done, hash 4591983b26e3a2d49e7f439856a8c95b788b3a8c
rpc-common: Hash unchanged at 4591983b26e3a2d49e7f439856a8c95b788b3a8c (dir "/data/fwbuild-volumes/2.15.0/apps/IncubadoraDeSemillas/esp8266/build_contexts/build_ctx_113648616/deps/rpc-common")
rpc-common: Prepared local dir: "/data/fwbuild-volumes/2.15.0/apps/IncubadoraDeSemillas/esp8266/build_contexts/build_ctx_113648616/deps/rpc-common"
Handling lib "ota-http-client"...
Handling lib "ota-common"...
ota-http-client: Checking out 2.15.0...
ota-common: Checking out 2.15.0...
ota-http-client: Done, hash e2f9fcfcae9e6efb24e6de6b42af6dd483dd675b
ota-common: Done, hash e83cf54aee6b05799f0c64ef4c002b3c418be9d8
ota-http-client: Hash unchanged at e2f9fcfcae9e6efb24e6de6b42af6dd483dd675b (dir "/data/fwbuild-volumes/2.15.0/apps/IncubadoraDeSemillas/esp8266/build_contexts/build_ctx_113648616/deps/ota-http-client")
ota-http-client: Prepared local dir: "/data/fwbuild-volumes/2.15.0/apps/IncubadoraDeSemillas/esp8266/build_contexts/build_ctx_113648616/deps/ota-http-client"
ota-common: Hash unchanged at e83cf54aee6b05799f0c64ef4c002b3c418be9d8 (dir "/data/fwbuild-volumes/2.15.0/apps/IncubadoraDeSemillas/esp8266/build_contexts/build_ctx_113648616/deps/ota-common")
ota-common: Prepared local dir: "/data/fwbuild-volumes/2.15.0/apps/IncubadoraDeSemillas/esp8266/build_contexts/build_ctx_113648616/deps/ota-common"
Handling lib "mongoose"...
mongoose: Checking out 2.15.0...
mongoose: Done, hash b9adb81060805d1de1b185549efb33ce920a210b
mongoose: Hash unchanged at b9adb81060805d1de1b185549efb33ce920a210b (dir "/data/fwbuild-volumes/2.15.0/apps/IncubadoraDeSemillas/esp8266/build_contexts/build_ctx_113648616/deps/mongoose")
mongoose: Prepared local dir: "/data/fwbuild-volumes/2.15.0/apps/IncubadoraDeSemillas/esp8266/build_contexts/build_ctx_113648616/deps/mongoose"
Handling lib "mbedtls"...
Handling lib "vfs-common"...
vfs-common: Checking out 2.15.0...
mbedtls: Checking out 2.15.0...
mbedtls: Done, hash a98f87ef6ef18777c95afb71b2884615d8971be6
mbedtls: Hash unchanged at a98f87ef6ef18777c95afb71b2884615d8971be6 (dir "/data/fwbuild-volumes/2.15.0/apps/IncubadoraDeSemillas/esp8266/build_contexts/build_ctx_113648616/deps/mbedtls")
mbedtls: Prepared local dir: "/data/fwbuild-volumes/2.15.0/apps/IncubadoraDeSemillas/esp8266/build_contexts/build_ctx_113648616/deps/mbedtls"
vfs-common: Done, hash ae048a19d8f17f332d66fb42d1b072e8fde2b3fa
vfs-common: Hash unchanged at ae048a19d8f17f332d66fb42d1b072e8fde2b3fa (dir "/data/fwbuild-volumes/2.15.0/apps/IncubadoraDeSemillas/esp8266/build_contexts/build_ctx_113648616/deps/vfs-common")
vfs-common: Prepared local dir: "/data/fwbuild-volumes/2.15.0/apps/IncubadoraDeSemillas/esp8266/build_contexts/build_ctx_113648616/deps/vfs-common"
Handling lib "atca"...
atca: Checking out 2.15.0...
atca: Done, hash f27a1b85d87e373f8c10aadd7227af020d997aef
atca: Hash unchanged at f27a1b85d87e373f8c10aadd7227af020d997aef (dir "/data/fwbuild-volumes/2.15.0/apps/IncubadoraDeSemillas/esp8266/build_contexts/build_ctx_113648616/deps/atca")
atca: Prepared local dir: "/data/fwbuild-volumes/2.15.0/apps/IncubadoraDeSemillas/esp8266/build_contexts/build_ctx_113648616/deps/atca"
Handling lib "i2c"...
i2c: Checking out 2.15.0...
i2c: Done, hash a2135aa5d5ff423f949d9e08c481eb0dc0091f2a
i2c: Hash unchanged at a2135aa5d5ff423f949d9e08c481eb0dc0091f2a (dir "/data/fwbuild-volumes/2.15.0/apps/IncubadoraDeSemillas/esp8266/build_contexts/build_ctx_113648616/deps/i2c")
i2c: Prepared local dir: "/data/fwbuild-volumes/2.15.0/apps/IncubadoraDeSemillas/esp8266/build_contexts/build_ctx_113648616/deps/i2c"
Handling lib "vfs-dev-part"...
Handling lib "vfs-fs-spiffs"...
vfs-dev-part: Checking out 2.15.0...
vfs-fs-spiffs: Checking out 2.15.0...
vfs-dev-part: Done, hash 94426df449f807e4268e1d1a3ee5146da85902da
vfs-fs-spiffs: Done, hash 6fef5f74fc5f8e07b6324759066c0e9d06653693
vfs-dev-part: Hash unchanged at 94426df449f807e4268e1d1a3ee5146da85902da (dir "/data/fwbuild-volumes/2.15.0/apps/IncubadoraDeSemillas/esp8266/build_contexts/build_ctx_113648616/deps/vfs-dev-part")
vfs-dev-part: Prepared local dir: "/data/fwbuild-volumes/2.15.0/apps/IncubadoraDeSemillas/esp8266/build_contexts/build_ctx_113648616/deps/vfs-dev-part"
vfs-fs-spiffs: Hash unchanged at 6fef5f74fc5f8e07b6324759066c0e9d06653693 (dir "/data/fwbuild-volumes/2.15.0/apps/IncubadoraDeSemillas/esp8266/build_contexts/build_ctx_113648616/deps/vfs-fs-spiffs")
vfs-fs-spiffs: Prepared local dir: "/data/fwbuild-volumes/2.15.0/apps/IncubadoraDeSemillas/esp8266/build_contexts/build_ctx_113648616/deps/vfs-fs-spiffs"
Handling lib "wifi"...
wifi: Checking out 2.15.0...
wifi: Done, hash 328e3d98c1c81163ecbda6cab18e53f1430b4f4e
wifi: Hash unchanged at 328e3d98c1c81163ecbda6cab18e53f1430b4f4e (dir "/data/fwbuild-volumes/2.15.0/apps/IncubadoraDeSemillas/esp8266/build_contexts/build_ctx_113648616/deps/wifi")
wifi: Prepared local dir: "/data/fwbuild-volumes/2.15.0/apps/IncubadoraDeSemillas/esp8266/build_contexts/build_ctx_113648616/deps/wifi"
The flag --repo is not given, going to use mongoose-os repository
mongoose-os: Checking out 2.15.0...
mongoose-os: Done, hash 787ac38aae90231b9db9c71cf19dfc617ca58166
Prebuilt binary for "mbedtls" already exists at "/data/fwbuild-volumes/2.15.0/apps/IncubadoraDeSemillas/esp8266/build_contexts/build_ctx_113648616/build/objs/libmbedtls-esp8266-2.15.0.a"
Prebuilt binary for "mongoose" already exists at "/data/fwbuild-volumes/2.15.0/apps/IncubadoraDeSemillas/esp8266/build_contexts/build_ctx_113648616/build/objs/libmongoose-esp8266-2.15.0.a"
Prebuilt binary for "ota-common" already exists at "/data/fwbuild-volumes/2.15.0/apps/IncubadoraDeSemillas/esp8266/build_contexts/build_ctx_113648616/build/objs/libota-common-esp8266-2.15.0.a"
Prebuilt binary for "ota-http-client" already exists at "/data/fwbuild-volumes/2.15.0/apps/IncubadoraDeSemillas/esp8266/build_contexts/build_ctx_113648616/build/objs/libota-http-client-esp8266-2.15.0.a"
Prebuilt binary for "ota-http-server" already exists at "/data/fwbuild-volumes/2.15.0/apps/IncubadoraDeSemillas/esp8266/build_contexts/build_ctx_113648616/build/objs/libota-http-server-esp8266-2.15.0.a"
Prebuilt binary for "rpc-service-ota" already exists at "/data/fwbuild-volumes/2.15.0/apps/IncubadoraDeSemillas/esp8266/build_contexts/build_ctx_113648616/build/objs/librpc-service-ota-esp8266-2.15.0.a"
Sources: [/data/fwbuild-volumes/2.15.0/apps/IncubadoraDeSemillas/esp8266/build_contexts/build_ctx_113648616/src/main.c /data/fwbuild-volumes/2.15.0/apps/IncubadoraDeSemillas/esp8266/build_contexts/build_ctx_113648616/build/gen/mgos_deps_init.c /data/fwbuild-volumes/2.15.0/apps/IncubadoraDeSemillas/esp8266/build_contexts/build_ctx_113648616/deps/adc/esp8266/src/esp_adc.c /data/fwbuild-volumes/2.15.0/apps/IncubadoraDeSemillas/esp8266/build_contexts/build_ctx_113648616/deps/i2c/src/mgos_i2c_master.c /data/fwbuild-volumes/2.15.0/apps/IncubadoraDeSemillas/esp8266/build_contexts/build_ctx_113648616/deps/i2c/src/gpio/mgos_i2c_gpio_master.c /data/fwbuild-volumes/2.15.0/apps/IncubadoraDeSemillas/esp8266/build_contexts/build_ctx_113648616/deps/atca/src/mgos_atca.c /data/fwbuild-volumes/2.15.0/apps/IncubadoraDeSemillas/esp8266/build_contexts/build_ctx_113648616/deps/atca/cryptoauthlib/lib/atca_cfgs.c /data/fwbuild-volumes/2.15.0/apps/IncubadoraDeSemillas/esp8266/build_contexts/build_ctx_113648616/deps/atca/cryptoauthlib/lib/atca_command.c /data/fwbuild-volumes/2.15.0/apps/IncubadoraDeSemillas/esp8266/build_contexts/build_ctx_113648616/deps/atca/cryptoauthlib/lib/atca_device.c /data/fwbuild-volumes/2.15.0/apps/IncubadoraDeSemillas/esp8266/build_contexts/build_ctx_113648616/deps/atca/cryptoauthlib/lib/atca_iface.c /data/fwbuild-volumes/2.15.0/apps/IncubadoraDeSemillas/esp8266/build_contexts/build_ctx_113648616/deps/atca/cryptoauthlib/lib/basic/atca_basic.c /data/fwbuild-volumes/2.15.0/apps/IncubadoraDeSemillas/esp8266/build_contexts/build_ctx_113648616/deps/atca/cryptoauthlib/lib/basic/atca_helpers.c /data/fwbuild-volumes/2.15.0/apps/IncubadoraDeSemillas/esp8266/build_contexts/build_ctx_113648616/deps/atca/cryptoauthlib/lib/host/atca_host.c /data/fwbuild-volumes/2.15.0/apps/IncubadoraDeSemillas/esp8266/build_contexts/build_ctx_113648616/deps/vfs-common/src/mgos_vfs.c /data/fwbuild-volumes/2.15.0/apps/IncubadoraDeSemillas/esp8266/build_contexts/build_ctx_113648616/deps/vfs-common/src/mgos_vfs_dev.c /data/fwbuild-volumes/2.15.0/apps/IncubadoraDeSemillas/esp8266/build_contexts/build_ctx_113648616/deps/vfs-common/src/mgos_vfs_internal.c /data/fwbuild-volumes/2.15.0/apps/IncubadoraDeSemillas/esp8266/build_contexts/build_ctx_113648616/deps/vfs-common/src/esp8266/esp_flash_writer.c /data/fwbuild-volumes/2.15.0/apps/IncubadoraDeSemillas/esp8266/build_contexts/build_ctx_113648616/deps/vfs-common/src/esp8266/esp_fs.c /data/fwbuild-volumes/2.15.0/apps/IncubadoraDeSemillas/esp8266/build_contexts/build_ctx_113648616/deps/vfs-common/src/esp8266/esp_vfs_dev_sysflash.c /data/fwbuild-volumes/2.15.0/apps/IncubadoraDeSemillas/esp8266/build_contexts/build_ctx_113648616/deps/vfs-dev-part/src/mgos_vfs_dev_part.c /data/fwbuild-volumes/2.15.0/apps/IncubadoraDeSemillas/esp8266/build_contexts/build_ctx_113648616/deps/vfs-fs-spiffs/src/mgos_vfs_fs_spiffs.c /data/fwbuild-volumes/2.15.0/apps/IncubadoraDeSemillas/esp8266/build_contexts/build_ctx_113648616/deps/vfs-fs-spiffs/src/spiffs/spiffs_cache.c /data/fwbuild-volumes/2.15.0/apps/IncubadoraDeSemillas/esp8266/build_contexts/build_ctx_113648616/deps/vfs-fs-spiffs/src/spiffs/spiffs_check.c /data/fwbuild-volumes/2.15.0/apps/IncubadoraDeSemillas/esp8266/build_contexts/build_ctx_113648616/deps/vfs-fs-spiffs/src/spiffs/spiffs_gc.c /data/fwbuild-volumes/2.15.0/apps/IncubadoraDeSemillas/esp8266/build_contexts/build_ctx_113648616/deps/vfs-fs-spiffs/src/spiffs/spiffs_hydrogen.c /data/fwbuild-volumes/2.15.0/apps/IncubadoraDeSemillas/esp8266/build_contexts/build_ctx_113648616/deps/vfs-fs-spiffs/src/spiffs/spiffs_nucleus.c /data/fwbuild-volumes/2.15.0/apps/IncubadoraDeSemillas/esp8266/build_contexts/build_ctx_113648616/deps/core/src/mgos_core.c /data/fwbuild-volumes/2.15.0/apps/IncubadoraDeSemillas/esp8266/build_contexts/build_ctx_113648616/deps/core/src/esp8266/esp_rboot.c /data/fwbuild-volumes/2.15.0/apps/IncubadoraDeSemillas/esp8266/build_contexts/build_ctx_113648616/deps/dht/src/mgos_dht.c /data/fwbuild-volumes/2.15.0/apps/IncubadoraDeSemillas/esp8266/build_contexts/build_ctx_113648616/deps/http-server/src/mgos_http_server.c /data/fwbuild-volumes/2.15.0/apps/IncubadoraDeSemillas/esp8266/build_contexts/build_ctx_113648616/deps/mqtt/src/mgos_mqtt.c /data/fwbuild-volumes/2.15.0/apps/IncubadoraDeSemillas/esp8266/build_contexts/build_ctx_113648616/deps/pwm/src/mgos_pwm.c /data/fwbuild-volumes/2.15.0/apps/IncubadoraDeSemillas/esp8266/build_contexts/build_ctx_113648616/deps/pwm/src/mgos_pwm_rgb_led.c /data/fwbuild-volumes/2.15.0/apps/IncubadoraDeSemillas/esp8266/build_contexts/build_ctx_113648616/deps/pwm/src/esp8266/esp_pwm.c /data/fwbuild-volumes/2.15.0/apps/IncubadoraDeSemillas/esp8266/build_contexts/build_ctx_113648616/deps/rpc-common/src/mg_rpc.c /data/fwbuild-volumes/2.15.0/apps/IncubadoraDeSemillas/esp8266/build_contexts/build_ctx_113648616/deps/rpc-common/src/mg_rpc_channel.c /data/fwbuild-volumes/2.15.0/apps/IncubadoraDeSemillas/esp8266/build_contexts/build_ctx_113648616/deps/rpc-common/src/mg_rpc_channel_http.c /data/fwbuild-volumes/2.15.0/apps/IncubadoraDeSemillas/esp8266/build_contexts/build_ctx_113648616/deps/rpc-common/src/mgos_rpc.c /data/fwbuild-volumes/2.15.0/apps/IncubadoraDeSemillas/esp8266/build_contexts/build_ctx_113648616/deps/rpc-service-config/src/mgos_service_config.c /data/fwbuild-volumes/2.15.0/apps/IncubadoraDeSemillas/esp8266/build_contexts/build_ctx_113648616/deps/rpc-service-fs/src/mgos_service_filesystem.c /data/fwbuild-volumes/2.15.0/apps/IncubadoraDeSemillas/esp8266/build_contexts/build_ctx_113648616/deps/rpc-service-gpio/src/mgos_gpio_service.c /data/fwbuild-volumes/2.15.0/apps/IncubadoraDeSemillas/esp8266/build_contexts/build_ctx_113648616/deps/rpc-uart/src/mgos_rpc_channel_uart.c /data/fwbuild-volumes/2.15.0/apps/IncubadoraDeSemillas/esp8266/build_contexts/build_ctx_113648616/deps/rpc-ws/src/mgos_rpc_channel_ws.c /data/fwbuild-volumes/2.15.0/apps/IncubadoraDeSemillas/esp8266/build_contexts/build_ctx_113648616/deps/rpc-ws/src/mgos_rpc_ws.c /data/fwbuild-volumes/2.15.0/apps/IncubadoraDeSemillas/esp8266/build_contexts/build_ctx_113648616/deps/sntp/src/mgos_sntp.c /data/fwbuild-volumes/2.15.0/apps/IncubadoraDeSemillas/esp8266/build_contexts/build_ctx_113648616/deps/wifi/src/mgos_wifi.c /data/fwbuild-volumes/2.15.0/apps/IncubadoraDeSemillas/esp8266/build_contexts/build_ctx_113648616/deps/wifi/src/mjs_wifi.c /data/fwbuild-volumes/2.15.0/apps/IncubadoraDeSemillas/esp8266/build_contexts/build_ctx_113648616/deps/wifi/src/esp8266/esp_wifi.c]
Include dirs: [/data/fwbuild-volumes/2.15.0/apps/IncubadoraDeSemillas/esp8266/build_contexts/build_ctx_113648616/deps/adc/include /data/fwbuild-volumes/2.15.0/apps/IncubadoraDeSemillas/esp8266/build_contexts/build_ctx_113648616/deps/adc/esp8266/include /data/fwbuild-volumes/2.15.0/apps/IncubadoraDeSemillas/esp8266/build_contexts/build_ctx_113648616/deps/i2c/include /data/fwbuild-volumes/2.15.0/apps/IncubadoraDeSemillas/esp8266/build_contexts/build_ctx_113648616/deps/atca/include /data/fwbuild-volumes/2.15.0/apps/IncubadoraDeSemillas/esp8266/build_contexts/build_ctx_113648616/deps/atca/cryptoauthlib/lib /data/fwbuild-volumes/2.15.0/apps/IncubadoraDeSemillas/esp8266/build_contexts/build_ctx_113648616/deps/mbedtls/include /data/fwbuild-volumes/2.15.0/apps/IncubadoraDeSemillas/esp8266/build_contexts/build_ctx_113648616/deps/mbedtls/include/esp8266 /data/fwbuild-volumes/2.15.0/apps/IncubadoraDeSemillas/esp8266/build_contexts/build_ctx_113648616/deps/mbedtls/mbedtls/include /data/fwbuild-volumes/2.15.0/apps/IncubadoraDeSemillas/esp8266/build_contexts/build_ctx_113648616/deps/vfs-common/include /data/fwbuild-volumes/2.15.0/apps/IncubadoraDeSemillas/esp8266/build_contexts/build_ctx_113648616/deps/vfs-common/include/esp8266 /data/fwbuild-volumes/2.15.0/apps/IncubadoraDeSemillas/esp8266/build_contexts/build_ctx_113648616/deps/mongoose/include /data/fwbuild-volumes/2.15.0/apps/IncubadoraDeSemillas/esp8266/build_contexts/build_ctx_113648616/deps/vfs-dev-part/include /data/fwbuild-volumes/2.15.0/apps/IncubadoraDeSemillas/esp8266/build_contexts/build_ctx_113648616/deps/vfs-fs-spiffs/include /data/fwbuild-volumes/2.15.0/apps/IncubadoraDeSemillas/esp8266/build_contexts/build_ctx_113648616/deps/vfs-fs-spiffs/include/spiffs /data/fwbuild-volumes/2.15.0/apps/IncubadoraDeSemillas/esp8266/build_contexts/build_ctx_113648616/deps/vfs-fs-spiffs/include/esp8266 /data/fwbuild-volumes/2.15.0/apps/IncubadoraDeSemillas/esp8266/build_contexts/build_ctx_113648616/deps/core/include /data/fwbuild-volumes/2.15.0/apps/IncubadoraDeSemillas/esp8266/build_contexts/build_ctx_113648616/deps/core/include/esp8266 /data/fwbuild-volumes/2.15.0/apps/IncubadoraDeSemillas/esp8266/build_contexts/build_ctx_113648616/deps/dht/include /data/fwbuild-volumes/2.15.0/apps/IncubadoraDeSemillas/esp8266/build_contexts/build_ctx_113648616/deps/http-server/include /data/fwbuild-volumes/2.15.0/apps/IncubadoraDeSemillas/esp8266/build_contexts/build_ctx_113648616/deps/mqtt/include /data/fwbuild-volumes/2.15.0/apps/IncubadoraDeSemillas/esp8266/build_contexts/build_ctx_113648616/deps/ota-common/src /data/fwbuild-volumes/2.15.0/apps/IncubadoraDeSemillas/esp8266/build_contexts/build_ctx_113648616/deps/ota-common/include /data/fwbuild-volumes/2.15.0/apps/IncubadoraDeSemillas/esp8266/build_contexts/build_ctx_113648616/deps/ota-common/include/esp8266 /data/fwbuild-volumes/2.15.0/apps/IncubadoraDeSemillas/esp8266/build_contexts/build_ctx_113648616/deps/ota-http-client/include /data/fwbuild-volumes/2.15.0/apps/IncubadoraDeSemillas/esp8266/build_contexts/build_ctx_113648616/deps/pwm/include /data/fwbuild-volumes/2.15.0/apps/IncubadoraDeSemillas/esp8266/build_contexts/build_ctx_113648616/deps/rpc-common/include /data/fwbuild-volumes/2.15.0/apps/IncubadoraDeSemillas/esp8266/build_contexts/build_ctx_113648616/deps/rpc-service-config/include /data/fwbuild-volumes/2.15.0/apps/IncubadoraDeSemillas/esp8266/build_contexts/build_ctx_113648616/deps/rpc-service-fs/include /data/fwbuild-volumes/2.15.0/apps/IncubadoraDeSemillas/esp8266/build_contexts/build_ctx_113648616/deps/rpc-service-gpio/include /data/fwbuild-volumes/2.15.0/apps/IncubadoraDeSemillas/esp8266/build_contexts/build_ctx_113648616/deps/rpc-service-ota/include /data/fwbuild-volumes/2.15.0/apps/IncubadoraDeSemillas/esp8266/build_contexts/build_ctx_113648616/deps/rpc-uart/include /data/fwbuild-volumes/2.15.0/apps/IncubadoraDeSemillas/esp8266/build_contexts/build_ctx_113648616/deps/rpc-ws/include /data/fwbuild-volumes/2.15.0/apps/IncubadoraDeSemillas/esp8266/build_contexts/build_ctx_113648616/deps/wifi/include /data/fwbuild-volumes/2.15.0/apps/IncubadoraDeSemillas/esp8266/build_contexts/build_ctx_113648616/deps/wifi/include/esp8266]
Binary libs: [/data/fwbuild-volumes/2.15.0/apps/IncubadoraDeSemillas/esp8266/build_contexts/build_ctx_113648616/build/objs/libmbedtls-esp8266-2.15.0.a /data/fwbuild-volumes/2.15.0/apps/IncubadoraDeSemillas/esp8266/build_contexts/build_ctx_113648616/build/objs/libmongoose-esp8266-2.15.0.a /data/fwbuild-volumes/2.15.0/apps/IncubadoraDeSemillas/esp8266/build_contexts/build_ctx_113648616/build/objs/libota-common-esp8266-2.15.0.a /data/fwbuild-volumes/2.15.0/apps/IncubadoraDeSemillas/esp8266/build_contexts/build_ctx_113648616/build/objs/libota-http-client-esp8266-2.15.0.a /data/fwbuild-volumes/2.15.0/apps/IncubadoraDeSemillas/esp8266/build_contexts/build_ctx_113648616/build/objs/libota-http-server-esp8266-2.15.0.a /data/fwbuild-volumes/2.15.0/apps/IncubadoraDeSemillas/esp8266/build_contexts/build_ctx_113648616/build/objs/librpc-service-ota-esp8266-2.15.0.a]
Building...
mount from "/data/fwbuild-volumes/2.15.0/apps/IncubadoraDeSemillas/esp8266/build_contexts/build_ctx_113648616" to "/app"
mount from "/data/fwbuild-volumes/2.15.0/apps/IncubadoraDeSemillas/esp8266/build_contexts/build_ctx_113648616/deps/modules/mongoose-os" to "/mongoose-os"
mount from "/data/fwbuild-volumes/2.15.0/apps/IncubadoraDeSemillas/esp8266/build_contexts/build_ctx_113648616/deps/modules/mongoose-os" to "/data/fwbuild-volumes/2.15.0/apps/IncubadoraDeSemillas/esp8266/build_contexts/build_ctx_113648616/deps/modules/mongoose-os"
mount from "/data/fwbuild-volumes/2.15.0/apps/IncubadoraDeSemillas/esp8266/build_contexts/build_ctx_113648616/build" to "/data/fwbuild-volumes/2.15.0/apps/IncubadoraDeSemillas/esp8266/build_contexts/build_ctx_113648616/build"
mount from "/data/fwbuild-volumes/2.15.0/apps/IncubadoraDeSemillas/esp8266/build_contexts/build_ctx_113648616/src" to "/data/fwbuild-volumes/2.15.0/apps/IncubadoraDeSemillas/esp8266/build_contexts/build_ctx_113648616/src"
mount from "/data/fwbuild-volumes/2.15.0/apps/IncubadoraDeSemillas/esp8266/build_contexts/build_ctx_113648616/build/gen" to "/data/fwbuild-volumes/2.15.0/apps/IncubadoraDeSemillas/esp8266/build_contexts/build_ctx_113648616/build/gen"
mount from "/data/fwbuild-volumes/2.15.0/apps/IncubadoraDeSemillas/esp8266/build_contexts/build_ctx_113648616/deps/adc/esp8266/src" to "/data/fwbuild-volumes/2.15.0/apps/IncubadoraDeSemillas/esp8266/build_contexts/build_ctx_113648616/deps/adc/esp8266/src"
mount from "/data/fwbuild-volumes/2.15.0/apps/IncubadoraDeSemillas/esp8266/build_contexts/build_ctx_113648616/deps/i2c/src" to "/data/fwbuild-volumes/2.15.0/apps/IncubadoraDeSemillas/esp8266/build_contexts/build_ctx_113648616/deps/i2c/src"
mount from "/data/fwbuild-volumes/2.15.0/apps/IncubadoraDeSemillas/esp8266/build_contexts/build_ctx_113648616/deps/i2c/src/gpio" to "/data/fwbuild-volumes/2.15.0/apps/IncubadoraDeSemillas/esp8266/build_contexts/build_ctx_113648616/deps/i2c/src/gpio"
mount from "/data/fwbuild-volumes/2.15.0/apps/IncubadoraDeSemillas/esp8266/build_contexts/build_ctx_113648616/deps/atca/src" to "/data/fwbuild-volumes/2.15.0/apps/IncubadoraDeSemillas/esp8266/build_contexts/build_ctx_113648616/deps/atca/src"
mount from "/data/fwbuild-volumes/2.15.0/apps/IncubadoraDeSemillas/esp8266/build_contexts/build_ctx_113648616/deps/atca/cryptoauthlib/lib" to "/data/fwbuild-volumes/2.15.0/apps/IncubadoraDeSemillas/esp8266/build_contexts/build_ctx_113648616/deps/atca/cryptoauthlib/lib"
mount from "/data/fwbuild-volumes/2.15.0/apps/IncubadoraDeSemillas/esp8266/build_contexts/build_ctx_113648616/deps/atca/cryptoauthlib/lib/basic" to "/data/fwbuild-volumes/2.15.0/apps/IncubadoraDeSemillas/esp8266/build_contexts/build_ctx_113648616/deps/atca/cryptoauthlib/lib/basic"
mount from "/data/fwbuild-volumes/2.15.0/apps/IncubadoraDeSemillas/esp8266/build_contexts/build_ctx_113648616/deps/atca/cryptoauthlib/lib/crypto" to "/data/fwbuild-volumes/2.15.0/apps/IncubadoraDeSemillas/esp8266/build_contexts/build_ctx_113648616/deps/atca/cryptoauthlib/lib/crypto"
mount from "/data/fwbuild-volumes/2.15.0/apps/IncubadoraDeSemillas/esp8266/build_contexts/build_ctx_113648616/deps/atca/cryptoauthlib/lib/hal" to "/data/fwbuild-volumes/2.15.0/apps/IncubadoraDeSemillas/esp8266/build_contexts/build_ctx_113648616/deps/atca/cryptoauthlib/lib/hal"
mount from "/data/fwbuild-volumes/2.15.0/apps/IncubadoraDeSemillas/esp8266/build_contexts/build_ctx_113648616/deps/atca/cryptoauthlib/lib/host" to "/data/fwbuild-volumes/2.15.0/apps/IncubadoraDeSemillas/esp8266/build_contexts/build_ctx_113648616/deps/atca/cryptoauthlib/lib/host"
mount from "/data/fwbuild-volumes/2.15.0/apps/IncubadoraDeSemillas/esp8266/build_contexts/build_ctx_113648616/deps/vfs-common/src" to "/data/fwbuild-volumes/2.15.0/apps/IncubadoraDeSemillas/esp8266/build_contexts/build_ctx_113648616/deps/vfs-common/src"
mount from "/data/fwbuild-volumes/2.15.0/apps/IncubadoraDeSemillas/esp8266/build_contexts/build_ctx_113648616/deps/vfs-common/src/esp8266" to "/data/fwbuild-volumes/2.15.0/apps/IncubadoraDeSemillas/esp8266/build_contexts/build_ctx_113648616/deps/vfs-common/src/esp8266"
mount from "/data/fwbuild-volumes/2.15.0/apps/IncubadoraDeSemillas/esp8266/build_contexts/build_ctx_113648616/deps/vfs-dev-part/src" to "/data/fwbuild-volumes/2.15.0/apps/IncubadoraDeSemillas/esp8266/build_contexts/build_ctx_113648616/deps/vfs-dev-part/src"
mount from "/data/fwbuild-volumes/2.15.0/apps/IncubadoraDeSemillas/esp8266/build_contexts/build_ctx_113648616/deps/vfs-fs-spiffs/src" to "/data/fwbuild-volumes/2.15.0/apps/IncubadoraDeSemillas/esp8266/build_contexts/build_ctx_113648616/deps/vfs-fs-spiffs/src"
mount from "/data/fwbuild-volumes/2.15.0/apps/IncubadoraDeSemillas/esp8266/build_contexts/build_ctx_113648616/deps/vfs-fs-spiffs/src/spiffs" to "/data/fwbuild-volumes/2.15.0/apps/IncubadoraDeSemillas/esp8266/build_contexts/build_ctx_113648616/deps/vfs-fs-spiffs/src/spiffs"
mount from "/data/fwbuild-volumes/2.15.0/apps/IncubadoraDeSemillas/esp8266/build_contexts/build_ctx_113648616/deps/core/src" to "/data/fwbuild-volumes/2.15.0/apps/IncubadoraDeSemillas/esp8266/build_contexts/build_ctx_113648616/deps/core/src"
mount from "/data/fwbuild-volumes/2.15.0/apps/IncubadoraDeSemillas/esp8266/build_contexts/build_ctx_113648616/deps/core/src/esp8266" to "/data/fwbuild-volumes/2.15.0/apps/IncubadoraDeSemillas/esp8266/build_contexts/build_ctx_113648616/deps/core/src/esp8266"
mount from "/data/fwbuild-volumes/2.15.0/apps/IncubadoraDeSemillas/esp8266/build_contexts/build_ctx_113648616/deps/dht/src" to "/data/fwbuild-volumes/2.15.0/apps/IncubadoraDeSemillas/esp8266/build_contexts/build_ctx_113648616/deps/dht/src"
mount from "/data/fwbuild-volumes/2.15.0/apps/IncubadoraDeSemillas/esp8266/build_contexts/build_ctx_113648616/deps/http-server/src" to "/data/fwbuild-volumes/2.15.0/apps/IncubadoraDeSemillas/esp8266/build_contexts/build_ctx_113648616/deps/http-server/src"
mount from "/data/fwbuild-volumes/2.15.0/apps/IncubadoraDeSemillas/esp8266/build_contexts/build_ctx_113648616/deps/mqtt/src" to "/data/fwbuild-volumes/2.15.0/apps/IncubadoraDeSemillas/esp8266/build_contexts/build_ctx_113648616/deps/mqtt/src"
mount from "/data/fwbuild-volumes/2.15.0/apps/IncubadoraDeSemillas/esp8266/build_contexts/build_ctx_113648616/deps/pwm/src" to "/data/fwbuild-volumes/2.15.0/apps/IncubadoraDeSemillas/esp8266/build_contexts/build_ctx_113648616/deps/pwm/src"
mount from "/data/fwbuild-volumes/2.15.0/apps/IncubadoraDeSemillas/esp8266/build_contexts/build_ctx_113648616/deps/pwm/src/esp8266" to "/data/fwbuild-volumes/2.15.0/apps/IncubadoraDeSemillas/esp8266/build_contexts/build_ctx_113648616/deps/pwm/src/esp8266"
mount from "/data/fwbuild-volumes/2.15.0/apps/IncubadoraDeSemillas/esp8266/build_contexts/build_ctx_113648616/deps/rpc-common/src" to "/data/fwbuild-volumes/2.15.0/apps/IncubadoraDeSemillas/esp8266/build_contexts/build_ctx_113648616/deps/rpc-common/src"
mount from "/data/fwbuild-volumes/2.15.0/apps/IncubadoraDeSemillas/esp8266/build_contexts/build_ctx_113648616/deps/rpc-service-config/src" to "/data/fwbuild-volumes/2.15.0/apps/IncubadoraDeSemillas/esp8266/build_contexts/build_ctx_113648616/deps/rpc-service-config/src"
mount from "/data/fwbuild-volumes/2.15.0/apps/IncubadoraDeSemillas/esp8266/build_contexts/build_ctx_113648616/deps/rpc-service-fs/src" to "/data/fwbuild-volumes/2.15.0/apps/IncubadoraDeSemillas/esp8266/build_contexts/build_ctx_113648616/deps/rpc-service-fs/src"
mount from "/data/fwbuild-volumes/2.15.0/apps/IncubadoraDeSemillas/esp8266/build_contexts/build_ctx_113648616/deps/rpc-service-gpio/src" to "/data/fwbuild-volumes/2.15.0/apps/IncubadoraDeSemillas/esp8266/build_contexts/build_ctx_113648616/deps/rpc-service-gpio/src"
mount from "/data/fwbuild-volumes/2.15.0/apps/IncubadoraDeSemillas/esp8266/build_contexts/build_ctx_113648616/deps/rpc-uart/src" to "/data/fwbuild-volumes/2.15.0/apps/IncubadoraDeSemillas/esp8266/build_contexts/build_ctx_113648616/deps/rpc-uart/src"
mount from "/data/fwbuild-volumes/2.15.0/apps/IncubadoraDeSemillas/esp8266/build_contexts/build_ctx_113648616/deps/rpc-ws/src" to "/data/fwbuild-volumes/2.15.0/apps/IncubadoraDeSemillas/esp8266/build_contexts/build_ctx_113648616/deps/rpc-ws/src"
mount from "/data/fwbuild-volumes/2.15.0/apps/IncubadoraDeSemillas/esp8266/build_contexts/build_ctx_113648616/deps/sntp/src" to "/data/fwbuild-volumes/2.15.0/apps/IncubadoraDeSemillas/esp8266/build_contexts/build_ctx_113648616/deps/sntp/src"
mount from "/data/fwbuild-volumes/2.15.0/apps/IncubadoraDeSemillas/esp8266/build_contexts/build_ctx_113648616/deps/wifi/src" to "/data/fwbuild-volumes/2.15.0/apps/IncubadoraDeSemillas/esp8266/build_contexts/build_ctx_113648616/deps/wifi/src"
mount from "/data/fwbuild-volumes/2.15.0/apps/IncubadoraDeSemillas/esp8266/build_contexts/build_ctx_113648616/deps/wifi/src/esp8266" to "/data/fwbuild-volumes/2.15.0/apps/IncubadoraDeSemillas/esp8266/build_contexts/build_ctx_113648616/deps/wifi/src/esp8266"
mount from "/data/fwbuild-volumes/2.15.0/apps/IncubadoraDeSemillas/esp8266/build_contexts/build_ctx_113648616/deps/adc/include" to "/data/fwbuild-volumes/2.15.0/apps/IncubadoraDeSemillas/esp8266/build_contexts/build_ctx_113648616/deps/adc/include"
mount from "/data/fwbuild-volumes/2.15.0/apps/IncubadoraDeSemillas/esp8266/build_contexts/build_ctx_113648616/deps/adc/esp8266/include" to "/data/fwbuild-volumes/2.15.0/apps/IncubadoraDeSemillas/esp8266/build_contexts/build_ctx_113648616/deps/adc/esp8266/include"
mount from "/data/fwbuild-volumes/2.15.0/apps/IncubadoraDeSemillas/esp8266/build_contexts/build_ctx_113648616/deps/i2c/include" to "/data/fwbuild-volumes/2.15.0/apps/IncubadoraDeSemillas/esp8266/build_contexts/build_ctx_113648616/deps/i2c/include"
mount from "/data/fwbuild-volumes/2.15.0/apps/IncubadoraDeSemillas/esp8266/build_contexts/build_ctx_113648616/deps/atca/include" to "/data/fwbuild-volumes/2.15.0/apps/IncubadoraDeSemillas/esp8266/build_contexts/build_ctx_113648616/deps/atca/include"
mount from "/data/fwbuild-volumes/2.15.0/apps/IncubadoraDeSemillas/esp8266/build_contexts/build_ctx_113648616/deps/atca/cryptoauthlib/lib" to "/data/fwbuild-volumes/2.15.0/apps/IncubadoraDeSemillas/esp8266/build_contexts/build_ctx_113648616/deps/atca/cryptoauthlib/lib"
mount from "/data/fwbuild-volumes/2.15.0/apps/IncubadoraDeSemillas/esp8266/build_contexts/build_ctx_113648616/deps/mbedtls/include" to "/data/fwbuild-volumes/2.15.0/apps/IncubadoraDeSemillas/esp8266/build_contexts/build_ctx_113648616/deps/mbedtls/include"
mount from "/data/fwbuild-volumes/2.15.0/apps/IncubadoraDeSemillas/esp8266/build_contexts/build_ctx_113648616/deps/mbedtls/include/esp8266" to "/data/fwbuild-volumes/2.15.0/apps/IncubadoraDeSemillas/esp8266/build_contexts/build_ctx_113648616/deps/mbedtls/include/esp8266"
mount from "/data/fwbuild-volumes/2.15.0/apps/IncubadoraDeSemillas/esp8266/build_contexts/build_ctx_113648616/deps/mbedtls/mbedtls/include" to "/data/fwbuild-volumes/2.15.0/apps/IncubadoraDeSemillas/esp8266/build_contexts/build_ctx_113648616/deps/mbedtls/mbedtls/include"
mount from "/data/fwbuild-volumes/2.15.0/apps/IncubadoraDeSemillas/esp8266/build_contexts/build_ctx_113648616/deps/vfs-common/include" to "/data/fwbuild-volumes/2.15.0/apps/IncubadoraDeSemillas/esp8266/build_contexts/build_ctx_113648616/deps/vfs-common/include"
mount from "/data/fwbuild-volumes/2.15.0/apps/IncubadoraDeSemillas/esp8266/build_contexts/build_ctx_113648616/deps/vfs-common/include/esp8266" to "/data/fwbuild-volumes/2.15.0/apps/IncubadoraDeSemillas/esp8266/build_contexts/build_ctx_113648616/deps/vfs-common/include/esp8266"
mount from "/data/fwbuild-volumes/2.15.0/apps/IncubadoraDeSemillas/esp8266/build_contexts/build_ctx_113648616/deps/mongoose/include" to "/data/fwbuild-volumes/2.15.0/apps/IncubadoraDeSemillas/esp8266/build_contexts/build_ctx_113648616/deps/mongoose/include"
mount from "/data/fwbuild-volumes/2.15.0/apps/IncubadoraDeSemillas/esp8266/build_contexts/build_ctx_113648616/deps/vfs-dev-part/include" to "/data/fwbuild-volumes/2.15.0/apps/IncubadoraDeSemillas/esp8266/build_contexts/build_ctx_113648616/deps/vfs-dev-part/include"
mount from "/data/fwbuild-volumes/2.15.0/apps/IncubadoraDeSemillas/esp8266/build_contexts/build_ctx_113648616/deps/vfs-fs-spiffs/include" to "/data/fwbuild-volumes/2.15.0/apps/IncubadoraDeSemillas/esp8266/build_contexts/build_ctx_113648616/deps/vfs-fs-spiffs/include"
mount from "/data/fwbuild-volumes/2.15.0/apps/IncubadoraDeSemillas/esp8266/build_contexts/build_ctx_113648616/deps/vfs-fs-spiffs/include/spiffs" to "/data/fwbuild-volumes/2.15.0/apps/IncubadoraDeSemillas/esp8266/build_contexts/build_ctx_113648616/deps/vfs-fs-spiffs/include/spiffs"
mount from "/data/fwbuild-volumes/2.15.0/apps/IncubadoraDeSemillas/esp8266/build_contexts/build_ctx_113648616/deps/vfs-fs-spiffs/include/esp8266" to "/data/fwbuild-volumes/2.15.0/apps/IncubadoraDeSemillas/esp8266/build_contexts/build_ctx_113648616/deps/vfs-fs-spiffs/include/esp8266"
mount from "/data/fwbuild-volumes/2.15.0/apps/IncubadoraDeSemillas/esp8266/build_contexts/build_ctx_113648616/deps/core/include" to "/data/fwbuild-volumes/2.15.0/apps/IncubadoraDeSemillas/esp8266/build_contexts/build_ctx_113648616/deps/core/include"
mount from "/data/fwbuild-volumes/2.15.0/apps/IncubadoraDeSemillas/esp8266/build_contexts/build_ctx_113648616/deps/core/include/esp8266" to "/data/fwbuild-volumes/2.15.0/apps/IncubadoraDeSemillas/esp8266/build_contexts/build_ctx_113648616/deps/core/include/esp8266"
mount from "/data/fwbuild-volumes/2.15.0/apps/IncubadoraDeSemillas/esp8266/build_contexts/build_ctx_113648616/deps/dht/include" to "/data/fwbuild-volumes/2.15.0/apps/IncubadoraDeSemillas/esp8266/build_contexts/build_ctx_113648616/deps/dht/include"
mount from "/data/fwbuild-volumes/2.15.0/apps/IncubadoraDeSemillas/esp8266/build_contexts/build_ctx_113648616/deps/http-server/include" to "/data/fwbuild-volumes/2.15.0/apps/IncubadoraDeSemillas/esp8266/build_contexts/build_ctx_113648616/deps/http-server/include"
mount from "/data/fwbuild-volumes/2.15.0/apps/IncubadoraDeSemillas/esp8266/build_contexts/build_ctx_113648616/deps/mqtt/include" to "/data/fwbuild-volumes/2.15.0/apps/IncubadoraDeSemillas/esp8266/build_contexts/build_ctx_113648616/deps/mqtt/include"
mount from "/data/fwbuild-volumes/2.15.0/apps/IncubadoraDeSemillas/esp8266/build_contexts/build_ctx_113648616/deps/ota-common/include" to "/data/fwbuild-volumes/2.15.0/apps/IncubadoraDeSemillas/esp8266/build_contexts/build_ctx_113648616/deps/ota-common/include"
mount from "/data/fwbuild-volumes/2.15.0/apps/IncubadoraDeSemillas/esp8266/build_contexts/build_ctx_113648616/deps/ota-http-client/include" to "/data/fwbuild-volumes/2.15.0/apps/IncubadoraDeSemillas/esp8266/build_contexts/build_ctx_113648616/deps/ota-http-client/include"
mount from "/data/fwbuild-volumes/2.15.0/apps/IncubadoraDeSemillas/esp8266/build_contexts/build_ctx_113648616/deps/pwm/include" to "/data/fwbuild-volumes/2.15.0/apps/IncubadoraDeSemillas/esp8266/build_contexts/build_ctx_113648616/deps/pwm/include"
mount from "/data/fwbuild-volumes/2.15.0/apps/IncubadoraDeSemillas/esp8266/build_contexts/build_ctx_113648616/deps/rpc-common/include" to "/data/fwbuild-volumes/2.15.0/apps/IncubadoraDeSemillas/esp8266/build_contexts/build_ctx_113648616/deps/rpc-common/include"
mount from "/data/fwbuild-volumes/2.15.0/apps/IncubadoraDeSemillas/esp8266/build_contexts/build_ctx_113648616/deps/rpc-service-config/include" to "/data/fwbuild-volumes/2.15.0/apps/IncubadoraDeSemillas/esp8266/build_contexts/build_ctx_113648616/deps/rpc-service-config/include"
mount from "/data/fwbuild-volumes/2.15.0/apps/IncubadoraDeSemillas/esp8266/build_contexts/build_ctx_113648616/deps/rpc-service-fs/include" to "/data/fwbuild-volumes/2.15.0/apps/IncubadoraDeSemillas/esp8266/build_contexts/build_ctx_113648616/deps/rpc-service-fs/include"
mount from "/data/fwbuild-volumes/2.15.0/apps/IncubadoraDeSemillas/esp8266/build_contexts/build_ctx_113648616/deps/rpc-service-gpio/include" to "/data/fwbuild-volumes/2.15.0/apps/IncubadoraDeSemillas/esp8266/build_contexts/build_ctx_113648616/deps/rpc-service-gpio/include"
mount from "/data/fwbuild-volumes/2.15.0/apps/IncubadoraDeSemillas/esp8266/build_contexts/build_ctx_113648616/deps/rpc-service-ota/include" to "/data/fwbuild-volumes/2.15.0/apps/IncubadoraDeSemillas/esp8266/build_contexts/build_ctx_113648616/deps/rpc-service-ota/include"
mount from "/data/fwbuild-volumes/2.15.0/apps/IncubadoraDeSemillas/esp8266/build_contexts/build_ctx_113648616/deps/rpc-uart/include" to "/data/fwbuild-volumes/2.15.0/apps/IncubadoraDeSemillas/esp8266/build_contexts/build_ctx_113648616/deps/rpc-uart/include"
mount from "/data/fwbuild-volumes/2.15.0/apps/IncubadoraDeSemillas/esp8266/build_contexts/build_ctx_113648616/deps/rpc-ws/include" to "/data/fwbuild-volumes/2.15.0/apps/IncubadoraDeSemillas/esp8266/build_contexts/build_ctx_113648616/deps/rpc-ws/include"
mount from "/data/fwbuild-volumes/2.15.0/apps/IncubadoraDeSemillas/esp8266/build_contexts/build_ctx_113648616/deps/wifi/include" to "/data/fwbuild-volumes/2.15.0/apps/IncubadoraDeSemillas/esp8266/build_contexts/build_ctx_113648616/deps/wifi/include"
mount from "/data/fwbuild-volumes/2.15.0/apps/IncubadoraDeSemillas/esp8266/build_contexts/build_ctx_113648616/deps/ca-bundle/fs" to "/data/fwbuild-volumes/2.15.0/apps/IncubadoraDeSemillas/esp8266/build_contexts/build_ctx_113648616/deps/ca-bundle/fs"
mount from "/data/fwbuild-volumes/2.15.0/apps/IncubadoraDeSemillas/esp8266/build_contexts/build_ctx_113648616/fs" to "/data/fwbuild-volumes/2.15.0/apps/IncubadoraDeSemillas/esp8266/build_contexts/build_ctx_113648616/fs"
mount from "/data/fwbuild-volumes/2.15.0/apps/IncubadoraDeSemillas/esp8266/build_contexts/build_ctx_113648616/build/objs" to "/data/fwbuild-volumes/2.15.0/apps/IncubadoraDeSemillas/esp8266/build_contexts/build_ctx_113648616/build/objs"
mount from "/data/fwbuild-volumes/2.15.0/apps/IncubadoraDeSemillas/esp8266/build_contexts/build_ctx_113648616/build/objs" to "/data/fwbuild-volumes/2.15.0/apps/IncubadoraDeSemillas/esp8266/build_contexts/build_ctx_113648616/build/objs"
mount from "/data/fwbuild-volumes/2.15.0/apps/IncubadoraDeSemillas/esp8266/build_contexts/build_ctx_113648616/build/objs" to "/data/fwbuild-volumes/2.15.0/apps/IncubadoraDeSemillas/esp8266/build_contexts/build_ctx_113648616/build/objs"
mount from "/data/fwbuild-volumes/2.15.0/apps/IncubadoraDeSemillas/esp8266/build_contexts/build_ctx_113648616/build/objs" to "/data/fwbuild-volumes/2.15.0/apps/IncubadoraDeSemillas/esp8266/build_contexts/build_ctx_113648616/build/objs"
mount from "/data/fwbuild-volumes/2.15.0/apps/IncubadoraDeSemillas/esp8266/build_contexts/build_ctx_113648616/build/objs" to "/data/fwbuild-volumes/2.15.0/apps/IncubadoraDeSemillas/esp8266/build_contexts/build_ctx_113648616/build/objs"
mount from "/data/fwbuild-volumes/2.15.0/apps/IncubadoraDeSemillas/esp8266/build_contexts/build_ctx_113648616/build/objs" to "/data/fwbuild-volumes/2.15.0/apps/IncubadoraDeSemillas/esp8266/build_contexts/build_ctx_113648616/build/objs"
mount from "/data/fwbuild-volumes/2.15.0/apps/IncubadoraDeSemillas/esp8266/build_contexts/build_ctx_113648616/build/gen" to "/data/fwbuild-volumes/2.15.0/apps/IncubadoraDeSemillas/esp8266/build_contexts/build_ctx_113648616/build/gen"
Docker arguments: run --name mos_build_2019-11-13T02-29-43-00_83872265313758910 --rm -i -v /data/fwbuild-volumes/2.15.0/apps/IncubadoraDeSemillas/esp8266/build_contexts/build_ctx_113648616/deps/vfs-common/src/esp8266:/data/fwbuild-volumes/2.15.0/apps/IncubadoraDeSemillas/esp8266/build_contexts/build_ctx_113648616/deps/vfs-common/src/esp8266 -v /data/fwbuild-volumes/2.15.0/apps/IncubadoraDeSemillas/esp8266/build_contexts/build_ctx_113648616/deps/mqtt/include:/data/fwbuild-volumes/2.15.0/apps/IncubadoraDeSemillas/esp8266/build_contexts/build_ctx_113648616/deps/mqtt/include -v /data/fwbuild-volumes/2.15.0/apps/IncubadoraDeSemillas/esp8266/build_contexts/build_ctx_113648616/deps/modules/mongoose-os:/mongoose-os -v /data/fwbuild-volumes/2.15.0/apps/IncubadoraDeSemillas/esp8266/build_contexts/build_ctx_113648616/deps/atca/cryptoauthlib/lib:/data/fwbuild-volumes/2.15.0/apps/IncubadoraDeSemillas/esp8266/build_contexts/build_ctx_113648616/deps/atca/cryptoauthlib/lib -v /data/fwbuild-volumes/2.15.0/apps/IncubadoraDeSemillas/esp8266/build_contexts/build_ctx_113648616/deps/ca-bundle/fs:/data/fwbuild-volumes/2.15.0/apps/IncubadoraDeSemillas/esp8266/build_contexts/build_ctx_113648616/deps/ca-bundle/fs -v /data/fwbuild-volumes/2.15.0/apps/IncubadoraDeSemillas/esp8266/build_contexts/build_ctx_113648616/build/gen:/data/fwbuild-volumes/2.15.0/apps/IncubadoraDeSemillas/esp8266/build_contexts/build_ctx_113648616/build/gen -v /data/fwbuild-volumes/2.15.0/apps/IncubadoraDeSemillas/esp8266/build_contexts/build_ctx_113648616/deps/i2c/src/gpio:/data/fwbuild-volumes/2.15.0/apps/IncubadoraDeSemillas/esp8266/build_contexts/build_ctx_113648616/deps/i2c/src/gpio -v /data/fwbuild-volumes/2.15.0/apps/IncubadoraDeSemillas/esp8266/build_contexts/build_ctx_113648616/deps/mbedtls/include/esp8266:/data/fwbuild-volumes/2.15.0/apps/IncubadoraDeSemillas/esp8266/build_contexts/build_ctx_113648616/deps/mbedtls/include/esp8266 -v /data/fwbuild-volumes/2.15.0/apps/IncubadoraDeSemillas/esp8266/build_contexts/build_ctx_113648616/deps/vfs-fs-spiffs/include/spiffs:/data/fwbuild-volumes/2.15.0/apps/IncubadoraDeSemillas/esp8266/build_contexts/build_ctx_113648616/deps/vfs-fs-spiffs/include/spiffs -v /data/fwbuild-volumes/2.15.0/apps/IncubadoraDeSemillas/esp8266/build_contexts/build_ctx_113648616/deps/core/include/esp8266:/data/fwbuild-volumes/2.15.0/apps/IncubadoraDeSemillas/esp8266/build_contexts/build_ctx_113648616/deps/core/include/esp8266 -v /data/fwbuild-volumes/2.15.0/apps/IncubadoraDeSemillas/esp8266/build_contexts/build_ctx_113648616/build/objs:/data/fwbuild-volumes/2.15.0/apps/IncubadoraDeSemillas/esp8266/build_contexts/build_ctx_113648616/build/objs -v /data/fwbuild-volumes/2.15.0/apps/IncubadoraDeSemillas/esp8266/build_contexts/build_ctx_113648616/deps/atca/cryptoauthlib/lib/host:/data/fwbuild-volumes/2.15.0/apps/IncubadoraDeSemillas/esp8266/build_contexts/build_ctx_113648616/deps/atca/cryptoauthlib/lib/host -v /data/fwbuild-volumes/2.15.0/apps/IncubadoraDeSemillas/esp8266/build_contexts/build_ctx_113648616/deps/rpc-common/src:/data/fwbuild-volumes/2.15.0/apps/IncubadoraDeSemillas/esp8266/build_contexts/build_ctx_113648616/deps/rpc-common/src -v /data/fwbuild-volumes/2.15.0/apps/IncubadoraDeSemillas/esp8266/build_contexts/build_ctx_113648616/deps/adc/esp8266/src:/data/fwbuild-volumes/2.15.0/apps/IncubadoraDeSemillas/esp8266/build_contexts/build_ctx_113648616/deps/adc/esp8266/src -v /data/fwbuild-volumes/2.15.0/apps/IncubadoraDeSemillas/esp8266/build_contexts/build_ctx_113648616/deps/rpc-uart/src:/data/fwbuild-volumes/2.15.0/apps/IncubadoraDeSemillas/esp8266/build_contexts/build_ctx_113648616/deps/rpc-uart/src -v /data/fwbuild-volumes/2.15.0/apps/IncubadoraDeSemillas/esp8266/build_contexts/build_ctx_113648616/deps/mqtt/src:/data/fwbuild-volumes/2.15.0/apps/IncubadoraDeSemillas/esp8266/build_contexts/build_ctx_113648616/deps/mqtt/src -v /data/fwbuild-volumes/2.15.0/apps/IncubadoraDeSemillas/esp8266/build_contexts/build_ctx_113648616/deps/http-server/include:/data/fwbuild-volumes/2.15.0/apps/IncubadoraDeSemillas/esp8266/build_contexts/build_ctx_113648616/deps/http-server/include -v /data/fwbuild-volumes/2.15.0/apps/IncubadoraDeSemillas/esp8266/build_contexts/build_ctx_113648616/deps/pwm/src:/data/fwbuild-volumes/2.15.0/apps/IncubadoraDeSemillas/esp8266/build_contexts/build_ctx_113648616/deps/pwm/src -v /data/fwbuild-volumes/2.15.0/apps/IncubadoraDeSemillas/esp8266/build_contexts/build_ctx_113648616/deps/rpc-service-config/src:/data/fwbuild-volumes/2.15.0/apps/IncubadoraDeSemillas/esp8266/build_contexts/build_ctx_113648616/deps/rpc-service-config/src -v /data/fwbuild-volumes/2.15.0/apps/IncubadoraDeSemillas/esp8266/build_contexts/build_ctx_113648616/deps/vfs-common/include/esp8266:/data/fwbuild-volumes/2.15.0/apps/IncubadoraDeSemillas/esp8266/build_contexts/build_ctx_113648616/deps/vfs-common/include/esp8266 -v /data/fwbuild-volumes/2.15.0/apps/IncubadoraDeSemillas/esp8266/build_contexts/build_ctx_113648616/deps/mongoose/include:/data/fwbuild-volumes/2.15.0/apps/IncubadoraDeSemillas/esp8266/build_contexts/build_ctx_113648616/deps/mongoose/include -v /data/fwbuild-volumes/2.15.0/apps/IncubadoraDeSemillas/esp8266/build_contexts/build_ctx_113648616/deps/vfs-fs-spiffs/include:/data/fwbuild-volumes/2.15.0/apps/IncubadoraDeSemillas/esp8266/build_contexts/build_ctx_113648616/deps/vfs-fs-spiffs/include -v /data/fwbuild-volumes/2.15.0/apps/IncubadoraDeSemillas/esp8266/build_contexts/build_ctx_113648616/deps/dht/include:/data/fwbuild-volumes/2.15.0/apps/IncubadoraDeSemillas/esp8266/build_contexts/build_ctx_113648616/deps/dht/include -v /data/fwbuild-volumes/2.15.0/apps/IncubadoraDeSemillas/esp8266/build_contexts/build_ctx_113648616:/app -v /data/fwbuild-volumes/2.15.0/apps/IncubadoraDeSemillas/esp8266/build_contexts/build_ctx_113648616/deps/vfs-dev-part/src:/data/fwbuild-volumes/2.15.0/apps/IncubadoraDeSemillas/esp8266/build_contexts/build_ctx_113648616/deps/vfs-dev-part/src -v /data/fwbuild-volumes/2.15.0/apps/IncubadoraDeSemillas/esp8266/build_contexts/build_ctx_113648616/deps/wifi/include:/data/fwbuild-volumes/2.15.0/apps/IncubadoraDeSemillas/esp8266/build_contexts/build_ctx_113648616/deps/wifi/include -v /data/fwbuild-volumes/2.15.0/apps/IncubadoraDeSemillas/esp8266/build_contexts/build_ctx_113648616/deps/ota-common/include:/data/fwbuild-volumes/2.15.0/apps/IncubadoraDeSemillas/esp8266/build_contexts/build_ctx_113648616/deps/ota-common/include -v /data/fwbuild-volumes/2.15.0/apps/IncubadoraDeSemillas/esp8266/build_contexts/build_ctx_113648616/deps/pwm/include:/data/fwbuild-volumes/2.15.0/apps/IncubadoraDeSemillas/esp8266/build_contexts/build_ctx_113648616/deps/pwm/include -v /data/fwbuild-volumes/2.15.0/apps/IncubadoraDeSemillas/esp8266/build_contexts/build_ctx_113648616/deps/vfs-fs-spiffs/src:/data/fwbuild-volumes/2.15.0/apps/IncubadoraDeSemillas/esp8266/build_contexts/build_ctx_113648616/deps/vfs-fs-spiffs/src -v /data/fwbuild-volumes/2.15.0/apps/IncubadoraDeSemillas/esp8266/build_contexts/build_ctx_113648616/deps/vfs-dev-part/include:/data/fwbuild-volumes/2.15.0/apps/IncubadoraDeSemillas/esp8266/build_contexts/build_ctx_113648616/deps/vfs-dev-part/include -v /data/fwbuild-volumes/2.15.0/apps/IncubadoraDeSemillas/esp8266/build_contexts/build_ctx_113648616/deps/core/include:/data/fwbuild-volumes/2.15.0/apps/IncubadoraDeSemillas/esp8266/build_contexts/build_ctx_113648616/deps/core/include -v /data/fwbuild-volumes/2.15.0/apps/IncubadoraDeSemillas/esp8266/build_contexts/build_ctx_113648616/deps/rpc-service-ota/include:/data/fwbuild-volumes/2.15.0/apps/IncubadoraDeSemillas/esp8266/build_contexts/build_ctx_113648616/deps/rpc-service-ota/include -v /data/fwbuild-volumes/2.15.0/apps/IncubadoraDeSemillas/esp8266/build_contexts/build_ctx_113648616/deps/modules/mongoose-os:/data/fwbuild-volumes/2.15.0/apps/IncubadoraDeSemillas/esp8266/build_contexts/build_ctx_113648616/deps/modules/mongoose-os -v /data/fwbuild-volumes/2.15.0/apps/IncubadoraDeSemillas/esp8266/build_contexts/build_ctx_113648616/build:/data/fwbuild-volumes/2.15.0/apps/IncubadoraDeSemillas/esp8266/build_contexts/build_ctx_113648616/build -v /data/fwbuild-volumes/2.15.0/apps/IncubadoraDeSemillas/esp8266/build_contexts/build_ctx_113648616/deps/pwm/src/esp8266:/data/fwbuild-volumes/2.15.0/apps/IncubadoraDeSemillas/esp8266/build_contexts/build_ctx_113648616/deps/pwm/src/esp8266 -v /data/fwbuild-volumes/2.15.0/apps/IncubadoraDeSemillas/esp8266/build_contexts/build_ctx_113648616/deps/mbedtls/include:/data/fwbuild-volumes/2.15.0/apps/IncubadoraDeSemillas/esp8266/build_contexts/build_ctx_113648616/deps/mbedtls/include -v /data/fwbuild-volumes/2.15.0/apps/IncubadoraDeSemillas/esp8266/build_contexts/build_ctx_113648616/deps/atca/src:/data/fwbuild-volumes/2.15.0/apps/IncubadoraDeSemillas/esp8266/build_contexts/build_ctx_113648616/deps/atca/src -v /data/fwbuild-volumes/2.15.0/apps/IncubadoraDeSemillas/esp8266/build_contexts/build_ctx_113648616/deps/core/src/esp8266:/data/fwbuild-volumes/2.15.0/apps/IncubadoraDeSemillas/esp8266/build_contexts/build_ctx_113648616/deps/core/src/esp8266 -v /data/fwbuild-volumes/2.15.0/apps/IncubadoraDeSemillas/esp8266/build_contexts/build_ctx_113648616/deps/rpc-ws/src:/data/fwbuild-volumes/2.15.0/apps/IncubadoraDeSemillas/esp8266/build_contexts/build_ctx_113648616/deps/rpc-ws/src -v /data/fwbuild-volumes/2.15.0/apps/IncubadoraDeSemillas/esp8266/build_contexts/build_ctx_113648616/deps/wifi/src/esp8266:/data/fwbuild-volumes/2.15.0/apps/IncubadoraDeSemillas/esp8266/build_contexts/build_ctx_113648616/deps/wifi/src/esp8266 -v /data/fwbuild-volumes/2.15.0/apps/IncubadoraDeSemillas/esp8266/build_contexts/build_ctx_113648616/deps/adc/esp8266/include:/data/fwbuild-volumes/2.15.0/apps/IncubadoraDeSemillas/esp8266/build_contexts/build_ctx_113648616/deps/adc/esp8266/include -v /data/fwbuild-volumes/2.15.0/apps/IncubadoraDeSemillas/esp8266/build_contexts/build_ctx_113648616/deps/ota-http-client/include:/data/fwbuild-volumes/2.15.0/apps/IncubadoraDeSemillas/esp8266/build_contexts/build_ctx_113648616/deps/ota-http-client/include -v /data/fwbuild-volumes/2.15.0/apps/IncubadoraDeSemillas/esp8266/build_contexts/build_ctx_113648616/deps/atca/cryptoauthlib/lib/basic:/data/fwbuild-volumes/2.15.0/apps/IncubadoraDeSemillas/esp8266/build_contexts/build_ctx_113648616/deps/atca/cryptoauthlib/lib/basic -v /data/fwbuild-volumes/2.15.0/apps/IncubadoraDeSemillas/esp8266/build_contexts/build_ctx_113648616/deps/vfs-common/src:/data/fwbuild-volumes/2.15.0/apps/IncubadoraDeSemillas/esp8266/build_contexts/build_ctx_113648616/deps/vfs-common/src -v /data/fwbuild-volumes/2.15.0/apps/IncubadoraDeSemillas/esp8266/build_contexts/build_ctx_113648616/src:/data/fwbuild-volumes/2.15.0/apps/IncubadoraDeSemillas/esp8266/build_contexts/build_ctx_113648616/src -v /data/fwbuild-volumes/2.15.0/apps/IncubadoraDeSemillas/esp8266/build_contexts/build_ctx_113648616/deps/http-server/src:/data/fwbuild-volumes/2.15.0/apps/IncubadoraDeSemillas/esp8266/build_contexts/build_ctx_113648616/deps/http-server/src -v /data/fwbuild-volumes/2.15.0/apps/IncubadoraDeSemillas/esp8266/build_contexts/build_ctx_113648616/deps/rpc-common/include:/data/fwbuild-volumes/2.15.0/apps/IncubadoraDeSemillas/esp8266/build_contexts/build_ctx_113648616/deps/rpc-common/include -v /data/fwbuild-volumes/2.15.0/apps/IncubadoraDeSemillas/esp8266/build_contexts/build_ctx_113648616/deps/rpc-service-config/include:/data/fwbuild-volumes/2.15.0/apps/IncubadoraDeSemillas/esp8266/build_contexts/build_ctx_113648616/deps/rpc-service-config/include -v /data/fwbuild-volumes/2.15.0/apps/IncubadoraDeSemillas/esp8266/build_contexts/build_ctx_113648616/deps/rpc-service-fs/include:/data/fwbuild-volumes/2.15.0/apps/IncubadoraDeSemillas/esp8266/build_contexts/build_ctx_113648616/deps/rpc-service-fs/include -v /data/fwbuild-volumes/2.15.0/apps/IncubadoraDeSemillas/esp8266/build_contexts/build_ctx_113648616/deps/atca/cryptoauthlib/lib/crypto:/data/fwbuild-volumes/2.15.0/apps/IncubadoraDeSemillas/esp8266/build_contexts/build_ctx_113648616/deps/atca/cryptoauthlib/lib/crypto -v /data/fwbuild-volumes/2.15.0/apps/IncubadoraDeSemillas/esp8266/build_contexts/build_ctx_113648616/deps/rpc-service-gpio/src:/data/fwbuild-volumes/2.15.0/apps/IncubadoraDeSemillas/esp8266/build_contexts/build_ctx_113648616/deps/rpc-service-gpio/src -v /data/fwbuild-volumes/2.15.0/apps/IncubadoraDeSemillas/esp8266/build_contexts/build_ctx_113648616/deps/mbedtls/mbedtls/include:/data/fwbuild-volumes/2.15.0/apps/IncubadoraDeSemillas/esp8266/build_contexts/build_ctx_113648616/deps/mbedtls/mbedtls/include -v /data/fwbuild-volumes/2.15.0/apps/IncubadoraDeSemillas/esp8266/build_contexts/build_ctx_113648616/deps/rpc-ws/include:/data/fwbuild-volumes/2.15.0/apps/IncubadoraDeSemillas/esp8266/build_contexts/build_ctx_113648616/deps/rpc-ws/include -v /data/fwbuild-volumes/2.15.0/apps/IncubadoraDeSemillas/esp8266/build_contexts/build_ctx_113648616/deps/atca/include:/data/fwbuild-volumes/2.15.0/apps/IncubadoraDeSemillas/esp8266/build_contexts/build_ctx_113648616/deps/atca/include -v /data/fwbuild-volumes/2.15.0/apps/IncubadoraDeSemillas/esp8266/build_contexts/build_ctx_113648616/deps/rpc-uart/include:/data/fwbuild-volumes/2.15.0/apps/IncubadoraDeSemillas/esp8266/build_contexts/build_ctx_113648616/deps/rpc-uart/include -v /data/fwbuild-volumes/2.15.0/apps/IncubadoraDeSemillas/esp8266/build_contexts/build_ctx_113648616/deps/sntp/src:/data/fwbuild-volumes/2.15.0/apps/IncubadoraDeSemillas/esp8266/build_contexts/build_ctx_113648616/deps/sntp/src -v /data/fwbuild-volumes/2.15.0/apps/IncubadoraDeSemillas/esp8266/build_contexts/build_ctx_113648616/deps/i2c/include:/data/fwbuild-volumes/2.15.0/apps/IncubadoraDeSemillas/esp8266/build_contexts/build_ctx_113648616/deps/i2c/include -v /data/fwbuild-volumes/2.15.0/apps/IncubadoraDeSemillas/esp8266/build_contexts/build_ctx_113648616/deps/wifi/src:/data/fwbuild-volumes/2.15.0/apps/IncubadoraDeSemillas/esp8266/build_contexts/build_ctx_113648616/deps/wifi/src -v /data/fwbuild-volumes/2.15.0/apps/IncubadoraDeSemillas/esp8266/build_contexts/build_ctx_113648616/deps/vfs-common/include:/data/fwbuild-volumes/2.15.0/apps/IncubadoraDeSemillas/esp8266/build_contexts/build_ctx_113648616/deps/vfs-common/include -v /data/fwbuild-volumes/2.15.0/apps/IncubadoraDeSemillas/esp8266/build_contexts/build_ctx_113648616/deps/vfs-fs-spiffs/include/esp8266:/data/fwbuild-volumes/2.15.0/apps/IncubadoraDeSemillas/esp8266/build_contexts/build_ctx_113648616/deps/vfs-fs-spiffs/include/esp8266 -v /data/fwbuild-volumes/2.15.0/apps/IncubadoraDeSemillas/esp8266/build_contexts/build_ctx_113648616/fs:/data/fwbuild-volumes/2.15.0/apps/IncubadoraDeSemillas/esp8266/build_contexts/build_ctx_113648616/fs -v /data/fwbuild-volumes/2.15.0/apps/IncubadoraDeSemillas/esp8266/build_contexts/build_ctx_113648616/deps/i2c/src:/data/fwbuild-volumes/2.15.0/apps/IncubadoraDeSemillas/esp8266/build_contexts/build_ctx_113648616/deps/i2c/src -v /data/fwbuild-volumes/2.15.0/apps/IncubadoraDeSemillas/esp8266/build_contexts/build_ctx_113648616/deps/vfs-fs-spiffs/src/spiffs:/data/fwbuild-volumes/2.15.0/apps/IncubadoraDeSemillas/esp8266/build_contexts/build_ctx_113648616/deps/vfs-fs-spiffs/src/spiffs -v /data/fwbuild-volumes/2.15.0/apps/IncubadoraDeSemillas/esp8266/build_contexts/build_ctx_113648616/deps/dht/src:/data/fwbuild-volumes/2.15.0/apps/IncubadoraDeSemillas/esp8266/build_contexts/build_ctx_113648616/deps/dht/src -v /data/fwbuild-volumes/2.15.0/apps/IncubadoraDeSemillas/esp8266/build_contexts/build_ctx_113648616/deps/rpc-service-fs/src:/data/fwbuild-volumes/2.15.0/apps/IncubadoraDeSemillas/esp8266/build_contexts/build_ctx_113648616/deps/rpc-service-fs/src -v /data/fwbuild-volumes/2.15.0/apps/IncubadoraDeSemillas/esp8266/build_contexts/build_ctx_113648616/deps/adc/include:/data/fwbuild-volumes/2.15.0/apps/IncubadoraDeSemillas/esp8266/build_contexts/build_ctx_113648616/deps/adc/include -v /data/fwbuild-volumes/2.15.0/apps/IncubadoraDeSemillas/esp8266/build_contexts/build_ctx_113648616/deps/rpc-service-gpio/include:/data/fwbuild-volumes/2.15.0/apps/IncubadoraDeSemillas/esp8266/build_contexts/build_ctx_113648616/deps/rpc-service-gpio/include -v /data/fwbuild-volumes/2.15.0/apps/IncubadoraDeSemillas/esp8266/build_contexts/build_ctx_113648616/deps/atca/cryptoauthlib/lib/hal:/data/fwbuild-volumes/2.15.0/apps/IncubadoraDeSemillas/esp8266/build_contexts/build_ctx_113648616/deps/atca/cryptoauthlib/lib/hal -v /data/fwbuild-volumes/2.15.0/apps/IncubadoraDeSemillas/esp8266/build_contexts/build_ctx_113648616/deps/core/src:/data/fwbuild-volumes/2.15.0/apps/IncubadoraDeSemillas/esp8266/build_contexts/build_ctx_113648616/deps/core/src --user 0:0 docker.io/mgos/esp8266-build:2.2.1-1.5.0-r5 /bin/bash -c nice make '-j' '8' '-C' '/app' '-f' '/data/fwbuild-volumes/2.15.0/apps/IncubadoraDeSemillas/esp8266/build_contexts/build_ctx_113648616/deps/modules/mongoose-os/platforms/esp8266/Makefile.build' 'all' 'MGOS_VARS_FILE=/data/fwbuild-volumes/2.15.0/apps/IncubadoraDeSemillas/esp8266/build_contexts/build_ctx_113648616/build/gen/vars.mk'
make: Entering directory '/app'
  CC    /data/fwbuild-volumes/2.15.0/apps/IncubadoraDeSemillas/esp8266/build_contexts/build_ctx_113648616/src/main.c
/data/fwbuild-volumes/2.15.0/apps/IncubadoraDeSemillas/esp8266/build_contexts/build_ctx_113648616/src/main.c: In function 'mostrar_tiempo':
/data/fwbuild-volumes/2.15.0/apps/IncubadoraDeSemillas/esp8266/build_contexts/build_ctx_113648616/src/main.c:119:3: error: expected ',' or ';' before 'char'
   char str[50];
   ^
/data/fwbuild-volumes/2.15.0/apps/IncubadoraDeSemillas/esp8266/build_contexts/build_ctx_113648616/src/main.c:120:11: error: 'str' undeclared (first use in this function)
   sprintf(str, "tiempo epoch: %d", tmp.tm_hour);
           ^
/data/fwbuild-volumes/2.15.0/apps/IncubadoraDeSemillas/esp8266/build_contexts/build_ctx_113648616/src/main.c:120:11: note: each undeclared identifier is reported only once for each function it appears in
/data/fwbuild-volumes/2.15.0/apps/IncubadoraDeSemillas/esp8266/build_contexts/build_ctx_113648616/src/main.c:120:39: error: request for member 'tm_hour' in something not a structure or union
   sprintf(str, "tiempo epoch: %d", tmp.tm_hour);
                                       ^
/data/fwbuild-volumes/2.15.0/apps/IncubadoraDeSemillas/esp8266/build_contexts/build_ctx_113648616/src/main.c:118:14: error: variable 'tmp' set but not used [-Werror=unused-but-set-variable]
   struct tm *tmp = localtime(&epoch)
              ^
cc1: all warnings being treated as errors
/data/fwbuild-volumes/2.15.0/apps/IncubadoraDeSemillas/esp8266/build_contexts/build_ctx_113648616/deps/modules/mongoose-os/platforms/esp8266/Makefile.build:398: recipe for target '/data/fwbuild-volumes/2.15.0/apps/IncubadoraDeSemillas/esp8266/build_contexts/build_ctx_113648616/build/objs/main.c.o' failed
make: *** [/data/fwbuild-volumes/2.15.0/apps/IncubadoraDeSemillas/esp8266/build_contexts/build_ctx_113648616/build/objs/main.c.o] Error 1
make: Leaving directory '/app'
Error: exit status 2
/go/src/github.com/mongoose-os/mos/mos/build_local.go:679: 
/go/src/github.com/mongoose-os/mos/mos/build_local.go:666: 
/go/src/github.com/mongoose-os/mos/mos/build_local.go:431: 
/go/src/github.com/mongoose-os/mos/mos/build.go:223: 
/go/src/github.com/mongoose-os/mos/mos/build.go:166: 
/go/src/github.com/mongoose-os/mos/mos/main.go:196: build failed
